<?xml version="1.0" encoding="UTF-8"?>
<!-- Generated by org.testng.reporters.JUnitReportReporter -->
<testsuite hostname="HbpSoft" failures="0" tests="1" name="com.test.Quality_apis.Quality_AnnotatedData_api" time="1.632" errors="0" timestamp="2024-03-21T15:32:52 IST" skipped="0">
  <testcase classname="com.test.Quality_apis.Quality_AnnotatedData_api" name="Quality_AnnotateData" time="1.632"/>
  <system-out/>
</testsuite> <!-- com.test.Quality_apis.Quality_AnnotatedData_api -->
