<?xml version="1.0" encoding="UTF-8"?>
<!-- Generated by org.testng.reporters.JUnitReportReporter -->
<testsuite hostname="HbpSoft" failures="0" tests="1" name="com.test.Quality_apis.Quality_Summary_api" time="2.725" errors="0" timestamp="2024-03-21T15:28:34 IST" skipped="0">
  <testcase classname="com.test.Quality_apis.Quality_Summary_api" name="Quality_summary" time="2.725"/>
  <system-out/>
</testsuite> <!-- com.test.Quality_apis.Quality_Summary_api -->
