<?xml version="1.0" encoding="UTF-8"?>
<!-- Generated by org.testng.reporters.JUnitReportReporter -->
<testsuite hostname="vivobook-asuslaptop-x512flc-x512fl" failures="0" tests="3" name="com.test.Quality_apis.Testing" time="3.344" errors="0" timestamp="2024-01-16T12:20:48 IST" skipped="0">
  <testcase classname="com.test.Quality_apis.Testing" name="Quality_summary" time="2.373"/>
  <system-out/>
  <testcase classname="com.test.Quality_apis.Testing" name="Quality_FailedResons" time="0.928"/>
  <system-out/>
  <testcase classname="com.test.Quality_apis.Testing" name="Quality_AnnotateData" time="0.043"/>
  <system-out/>
</testsuite> <!-- com.test.Quality_apis.Testing -->
